[2022-10-06 07:36:42] local.ERROR: include(/Users/samuel/Documents/GitHub/laravelSera/vendor/laravel/framework/src/Illuminate/Console/View/Components/../../resources/views/components/line.php): Failed to open stream: No such file or directory {"exception":"[object] (ErrorException(code: 0): include(/Users/samuel/Documents/GitHub/laravelSera/vendor/laravel/framework/src/Illuminate/Console/View/Components/../../resources/views/components/line.php): Failed to open stream: No such file or directory at /Users/samuel/Documents/GitHub/laravelSera/vendor/laravel/framework/src/Illuminate/Console/View/Components/Component.php:67)
[stacktrace]
#0 /Users/samuel/Documents/GitHub/laravelSera/vendor/laravel/framework/src/Illuminate/Foundation/Bootstrap/HandleExceptions.php(259): Illuminate\\Foundation\\Bootstrap\\HandleExceptions->handleError(2, 'include(/Users/...', '/Users/samuel/D...', 67)
#1 /Users/samuel/Documents/GitHub/laravelSera/vendor/laravel/framework/src/Illuminate/Console/View/Components/Component.php(67): Illuminate\\Foundation\\Bootstrap\\HandleExceptions->Illuminate\\Foundation\\Bootstrap\\{closure}(2, 'include(/Users/...', '/Users/samuel/D...', 67)
#2 /Users/samuel/Documents/GitHub/laravelSera/vendor/laravel/framework/src/Illuminate/Console/View/Components/Component.php(67): include('/Users/samuel/D...')
#3 /Users/samuel/Documents/GitHub/laravelSera/vendor/laravel/framework/src/Illuminate/Console/View/Components/Component.php(51): Illuminate\\Console\\View\\Components\\Component->compile('line', Array)
#4 /Users/samuel/Documents/GitHub/laravelSera/vendor/laravel/framework/src/Illuminate/Console/View/Components/Line.php(49): Illuminate\\Console\\View\\Components\\Component->renderView('line', Array, 32)
#5 /Users/samuel/Documents/GitHub/laravelSera/vendor/laravel/framework/src/Illuminate/Console/View/Components/Info.php(18): Illuminate\\Console\\View\\Components\\Line->render('info', 'Environment mod...', 32)
#6 /Users/samuel/Documents/GitHub/laravelSera/vendor/laravel/framework/src/Illuminate/Console/View/Components/Factory.php(56): Illuminate\\Console\\View\\Components\\Info->render('Environment mod...')
#7 /Users/samuel/Documents/GitHub/laravelSera/vendor/laravel/framework/src/Illuminate/Foundation/Console/ServeCommand.php(112): Illuminate\\Console\\View\\Components\\Factory->__call('info', Array)
#8 /Users/samuel/Documents/GitHub/laravelSera/vendor/laravel/framework/src/Illuminate/Container/BoundMethod.php(36): Illuminate\\Foundation\\Console\\ServeCommand->handle()
#9 /Users/samuel/Documents/GitHub/laravelSera/vendor/laravel/framework/src/Illuminate/Container/Util.php(41): Illuminate\\Container\\BoundMethod::Illuminate\\Container\\{closure}()
#10 /Users/samuel/Documents/GitHub/laravelSera/vendor/laravel/framework/src/Illuminate/Container/BoundMethod.php(93): Illuminate\\Container\\Util::unwrapIfClosure(Object(Closure))
#11 /Users/samuel/Documents/GitHub/laravelSera/vendor/laravel/framework/src/Illuminate/Container/BoundMethod.php(37): Illuminate\\Container\\BoundMethod::callBoundMethod(Object(Illuminate\\Foundation\\Application), Array, Object(Closure))
#12 /Users/samuel/Documents/GitHub/laravelSera/vendor/laravel/framework/src/Illuminate/Container/Container.php(651): Illuminate\\Container\\BoundMethod::call(Object(Illuminate\\Foundation\\Application), Array, Array, NULL)
#13 /Users/samuel/Documents/GitHub/laravelSera/vendor/laravel/framework/src/Illuminate/Console/Command.php(144): Illuminate\\Container\\Container->call(Array)
#14 /Users/samuel/Documents/GitHub/laravelSera/vendor/symfony/console/Command/Command.php(308): Illuminate\\Console\\Command->execute(Object(Symfony\\Component\\Console\\Input\\ArgvInput), Object(Illuminate\\Console\\OutputStyle))
#15 /Users/samuel/Documents/GitHub/laravelSera/vendor/laravel/framework/src/Illuminate/Console/Command.php(126): Symfony\\Component\\Console\\Command\\Command->run(Object(Symfony\\Component\\Console\\Input\\ArgvInput), Object(Illuminate\\Console\\OutputStyle))
#16 /Users/samuel/Documents/GitHub/laravelSera/vendor/symfony/console/Application.php(1002): Illuminate\\Console\\Command->run(Object(Symfony\\Component\\Console\\Input\\ArgvInput), Object(Symfony\\Component\\Console\\Output\\ConsoleOutput))
#17 /Users/samuel/Documents/GitHub/laravelSera/vendor/symfony/console/Application.php(299): Symfony\\Component\\Console\\Application->doRunCommand(Object(Illuminate\\Foundation\\Console\\ServeCommand), Object(Symfony\\Component\\Console\\Input\\ArgvInput), Object(Symfony\\Component\\Console\\Output\\ConsoleOutput))
#18 /Users/samuel/Documents/GitHub/laravelSera/vendor/symfony/console/Application.php(171): Symfony\\Component\\Console\\Application->doRun(Object(Symfony\\Component\\Console\\Input\\ArgvInput), Object(Symfony\\Component\\Console\\Output\\ConsoleOutput))
#19 /Users/samuel/Documents/GitHub/laravelSera/vendor/laravel/framework/src/Illuminate/Console/Application.php(102): Symfony\\Component\\Console\\Application->run(Object(Symfony\\Component\\Console\\Input\\ArgvInput), Object(Symfony\\Component\\Console\\Output\\ConsoleOutput))
#20 /Users/samuel/Documents/GitHub/laravelSera/vendor/laravel/framework/src/Illuminate/Foundation/Console/Kernel.php(151): Illuminate\\Console\\Application->run(Object(Symfony\\Component\\Console\\Input\\ArgvInput), Object(Symfony\\Component\\Console\\Output\\ConsoleOutput))
#21 /Users/samuel/Documents/GitHub/laravelSera/artisan(37): Illuminate\\Foundation\\Console\\Kernel->handle(Object(Symfony\\Component\\Console\\Input\\ArgvInput), Object(Symfony\\Component\\Console\\Output\\ConsoleOutput))
#22 {main}
"} 
[2022-10-06 07:36:42] local.ERROR: NunoMaduro\Collision\Adapters\Laravel\IgnitionSolutionsRepository::__construct(): Argument #1 ($solutionProviderRepository) must be of type Facade\IgnitionContracts\SolutionProviderRepository, Spatie\LaravelIgnition\Solutions\SolutionProviders\SolutionProviderRepository given, called in /Users/samuel/Documents/GitHub/laravelSera/vendor/nunomaduro/collision/src/Adapters/Laravel/CollisionServiceProvider.php on line 54 {"exception":"[object] (TypeError(code: 0): NunoMaduro\\Collision\\Adapters\\Laravel\\IgnitionSolutionsRepository::__construct(): Argument #1 ($solutionProviderRepository) must be of type Facade\\IgnitionContracts\\SolutionProviderRepository, Spatie\\LaravelIgnition\\Solutions\\SolutionProviders\\SolutionProviderRepository given, called in /Users/samuel/Documents/GitHub/laravelSera/vendor/nunomaduro/collision/src/Adapters/Laravel/CollisionServiceProvider.php on line 54 at /Users/samuel/Documents/GitHub/laravelSera/vendor/nunomaduro/collision/src/Adapters/Laravel/IgnitionSolutionsRepository.php:26)
[stacktrace]
#0 /Users/samuel/Documents/GitHub/laravelSera/vendor/nunomaduro/collision/src/Adapters/Laravel/CollisionServiceProvider.php(54): NunoMaduro\\Collision\\Adapters\\Laravel\\IgnitionSolutionsRepository->__construct(Object(Spatie\\LaravelIgnition\\Solutions\\SolutionProviders\\SolutionProviderRepository))
#1 /Users/samuel/Documents/GitHub/laravelSera/vendor/laravel/framework/src/Illuminate/Container/Container.php(871): NunoMaduro\\Collision\\Adapters\\Laravel\\CollisionServiceProvider->NunoMaduro\\Collision\\Adapters\\Laravel\\{closure}(Object(Illuminate\\Foundation\\Application), Array)
#2 /Users/samuel/Documents/GitHub/laravelSera/vendor/laravel/framework/src/Illuminate/Container/Container.php(756): Illuminate\\Container\\Container->build(Object(Closure))
#3 /Users/samuel/Documents/GitHub/laravelSera/vendor/laravel/framework/src/Illuminate/Foundation/Application.php(860): Illuminate\\Container\\Container->resolve('NunoMaduro\\\\Coll...', Array, true)
#4 /Users/samuel/Documents/GitHub/laravelSera/vendor/laravel/framework/src/Illuminate/Container/Container.php(692): Illuminate\\Foundation\\Application->resolve('NunoMaduro\\\\Coll...', Array)
#5 /Users/samuel/Documents/GitHub/laravelSera/vendor/laravel/framework/src/Illuminate/Foundation/Application.php(845): Illuminate\\Container\\Container->make('NunoMaduro\\\\Coll...', Array)
#6 /Users/samuel/Documents/GitHub/laravelSera/vendor/nunomaduro/collision/src/Adapters/Laravel/ExceptionHandler.php(66): Illuminate\\Foundation\\Application->make('NunoMaduro\\\\Coll...')
#7 /Users/samuel/Documents/GitHub/laravelSera/vendor/laravel/framework/src/Illuminate/Foundation/Console/Kernel.php(444): NunoMaduro\\Collision\\Adapters\\Laravel\\ExceptionHandler->renderForConsole(Object(Symfony\\Component\\Console\\Output\\ConsoleOutput), Object(ErrorException))
#8 /Users/samuel/Documents/GitHub/laravelSera/vendor/laravel/framework/src/Illuminate/Foundation/Console/Kernel.php(155): Illuminate\\Foundation\\Console\\Kernel->renderException(Object(Symfony\\Component\\Console\\Output\\ConsoleOutput), Object(ErrorException))
#9 /Users/samuel/Documents/GitHub/laravelSera/artisan(37): Illuminate\\Foundation\\Console\\Kernel->handle(Object(Symfony\\Component\\Console\\Input\\ArgvInput), Object(Symfony\\Component\\Console\\Output\\ConsoleOutput))
#10 {main}
"} 
[2022-10-06 07:36:42] local.ERROR: Uncaught TypeError: NunoMaduro\Collision\Adapters\Laravel\IgnitionSolutionsRepository::__construct(): Argument #1 ($solutionProviderRepository) must be of type Facade\IgnitionContracts\SolutionProviderRepository, Spatie\LaravelIgnition\Solutions\SolutionProviders\SolutionProviderRepository given, called in /Users/samuel/Documents/GitHub/laravelSera/vendor/nunomaduro/collision/src/Adapters/Laravel/CollisionServiceProvider.php on line 54 and defined in /Users/samuel/Documents/GitHub/laravelSera/vendor/nunomaduro/collision/src/Adapters/Laravel/IgnitionSolutionsRepository.php:26
Stack trace:
#0 /Users/samuel/Documents/GitHub/laravelSera/vendor/nunomaduro/collision/src/Adapters/Laravel/CollisionServiceProvider.php(54): NunoMaduro\Collision\Adapters\Laravel\IgnitionSolutionsRepository->__construct(Object(Spatie\LaravelIgnition\Solutions\SolutionProviders\SolutionProviderRepository))
#1 /Users/samuel/Documents/GitHub/laravelSera/vendor/laravel/framework/src/Illuminate/Container/Container.php(871): NunoMaduro\Collision\Adapters\Laravel\CollisionServiceProvider->NunoMaduro\Collision\Adapters\Laravel\{closure}(Object(Illuminate\Foundation\Application), Array)
#2 /Users/samuel/Documents/GitHub/laravelSera/vendor/laravel/framework/src/Illuminate/Container/Container.php(756): Illuminate\Container\Container->build(Object(Closure))
#3 /Users/samuel/Documents/GitHub/laravelSera/vendor/laravel/framework/src/Illuminate/Foundation/Application.php(860): Illuminate\Container\Container->resolve('NunoMaduro\\Coll...', Array, true)
#4 /Users/samuel/Documents/GitHub/laravelSera/vendor/laravel/framework/src/Illuminate/Container/Container.php(692): Illuminate\Foundation\Application->resolve('NunoMaduro\\Coll...', Array)
#5 /Users/samuel/Documents/GitHub/laravelSera/vendor/laravel/framework/src/Illuminate/Foundation/Application.php(845): Illuminate\Container\Container->make('NunoMaduro\\Coll...', Array)
#6 /Users/samuel/Documents/GitHub/laravelSera/vendor/nunomaduro/collision/src/Adapters/Laravel/ExceptionHandler.php(66): Illuminate\Foundation\Application->make('NunoMaduro\\Coll...')
#7 /Users/samuel/Documents/GitHub/laravelSera/vendor/laravel/framework/src/Illuminate/Foundation/Bootstrap/HandleExceptions.php(211): NunoMaduro\Collision\Adapters\Laravel\ExceptionHandler->renderForConsole(Object(Symfony\Component\Console\Output\ConsoleOutput), Object(TypeError))
#8 /Users/samuel/Documents/GitHub/laravelSera/vendor/laravel/framework/src/Illuminate/Foundation/Bootstrap/HandleExceptions.php(197): Illuminate\Foundation\Bootstrap\HandleExceptions->renderForConsole(Object(TypeError))
#9 /Users/samuel/Documents/GitHub/laravelSera/vendor/laravel/framework/src/Illuminate/Foundation/Bootstrap/HandleExceptions.php(259): Illuminate\Foundation\Bootstrap\HandleExceptions->handleException(Object(TypeError))
#10 [internal function]: Illuminate\Foundation\Bootstrap\HandleExceptions->Illuminate\Foundation\Bootstrap\{closure}(Object(TypeError))
#11 {main}
  thrown {"exception":"[object] (Symfony\\Component\\ErrorHandler\\Error\\FatalError(code: 0): Uncaught TypeError: NunoMaduro\\Collision\\Adapters\\Laravel\\IgnitionSolutionsRepository::__construct(): Argument #1 ($solutionProviderRepository) must be of type Facade\\IgnitionContracts\\SolutionProviderRepository, Spatie\\LaravelIgnition\\Solutions\\SolutionProviders\\SolutionProviderRepository given, called in /Users/samuel/Documents/GitHub/laravelSera/vendor/nunomaduro/collision/src/Adapters/Laravel/CollisionServiceProvider.php on line 54 and defined in /Users/samuel/Documents/GitHub/laravelSera/vendor/nunomaduro/collision/src/Adapters/Laravel/IgnitionSolutionsRepository.php:26
Stack trace:
#0 /Users/samuel/Documents/GitHub/laravelSera/vendor/nunomaduro/collision/src/Adapters/Laravel/CollisionServiceProvider.php(54): NunoMaduro\\Collision\\Adapters\\Laravel\\IgnitionSolutionsRepository->__construct(Object(Spatie\\LaravelIgnition\\Solutions\\SolutionProviders\\SolutionProviderRepository))
#1 /Users/samuel/Documents/GitHub/laravelSera/vendor/laravel/framework/src/Illuminate/Container/Container.php(871): NunoMaduro\\Collision\\Adapters\\Laravel\\CollisionServiceProvider->NunoMaduro\\Collision\\Adapters\\Laravel\\{closure}(Object(Illuminate\\Foundation\\Application), Array)
#2 /Users/samuel/Documents/GitHub/laravelSera/vendor/laravel/framework/src/Illuminate/Container/Container.php(756): Illuminate\\Container\\Container->build(Object(Closure))
#3 /Users/samuel/Documents/GitHub/laravelSera/vendor/laravel/framework/src/Illuminate/Foundation/Application.php(860): Illuminate\\Container\\Container->resolve('NunoMaduro\\\\Coll...', Array, true)
#4 /Users/samuel/Documents/GitHub/laravelSera/vendor/laravel/framework/src/Illuminate/Container/Container.php(692): Illuminate\\Foundation\\Application->resolve('NunoMaduro\\\\Coll...', Array)
#5 /Users/samuel/Documents/GitHub/laravelSera/vendor/laravel/framework/src/Illuminate/Foundation/Application.php(845): Illuminate\\Container\\Container->make('NunoMaduro\\\\Coll...', Array)
#6 /Users/samuel/Documents/GitHub/laravelSera/vendor/nunomaduro/collision/src/Adapters/Laravel/ExceptionHandler.php(66): Illuminate\\Foundation\\Application->make('NunoMaduro\\\\Coll...')
#7 /Users/samuel/Documents/GitHub/laravelSera/vendor/laravel/framework/src/Illuminate/Foundation/Bootstrap/HandleExceptions.php(211): NunoMaduro\\Collision\\Adapters\\Laravel\\ExceptionHandler->renderForConsole(Object(Symfony\\Component\\Console\\Output\\ConsoleOutput), Object(TypeError))
#8 /Users/samuel/Documents/GitHub/laravelSera/vendor/laravel/framework/src/Illuminate/Foundation/Bootstrap/HandleExceptions.php(197): Illuminate\\Foundation\\Bootstrap\\HandleExceptions->renderForConsole(Object(TypeError))
#9 /Users/samuel/Documents/GitHub/laravelSera/vendor/laravel/framework/src/Illuminate/Foundation/Bootstrap/HandleExceptions.php(259): Illuminate\\Foundation\\Bootstrap\\HandleExceptions->handleException(Object(TypeError))
#10 [internal function]: Illuminate\\Foundation\\Bootstrap\\HandleExceptions->Illuminate\\Foundation\\Bootstrap\\{closure}(Object(TypeError))
#11 {main}
  thrown at /Users/samuel/Documents/GitHub/laravelSera/vendor/nunomaduro/collision/src/Adapters/Laravel/IgnitionSolutionsRepository.php:26)
[stacktrace]
#0 {main}
"} 
